<?xml version="1.0" encoding="UTF-8"?>
<!-- Generated by org.testng.reporters.JUnitReportReporter -->
<testsuite skipped="0" hostname="D-113131039" name="com.sampleProject.testCase.TC_DD_Login" tests="3" failures="0" timestamp="29 Jan 2019 07:23:35 GMT" time="208.771" errors="0">
  <testcase name="GuruLogin" time="140.141" classname="com.sampleProject.testCase.TC_DD_Login"/>
  <testcase name="GuruLogin" time="26.211" classname="com.sampleProject.testCase.TC_DD_Login"/>
  <testcase name="GuruLogin" time="42.419" classname="com.sampleProject.testCase.TC_DD_Login"/>
</testsuite> <!-- com.sampleProject.testCase.TC_DD_Login -->
